<?xml version="1.0" encoding="utf-8"?><testsuites name="pytest tests"><testsuite name="pytest" errors="0" failures="0" skipped="0" tests="6" time="1.091" timestamp="2026-06-11T12:46:44.433152+00:00" hostname="agent-env-258da15e-fdeb-43f2-9dbd-9aee7ef9cdc2"><testcase classname="backend.tests.test_contact" name="test_api_root" time="0.249" /><testcase classname="backend.tests.test_contact" name="test_contact_valid_submission" time="0.140" /><testcase classname="backend.tests.test_contact" name="test_contact_without_company" time="0.113" /><testcase classname="backend.tests.test_contact" name="test_contact_invalid_email" time="0.111" /><testcase classname="backend.tests.test_contact" name="test_contact_missing_required" time="0.099" /><testcase classname="backend.tests.test_contact" name="test_contact_empty_message" time="0.137" /></testsuite></testsuites>