<?xml version="1.0" encoding="utf-8"?><testsuites name="pytest tests"><testsuite name="pytest" errors="0" failures="0" skipped="0" tests="7" time="7.299" timestamp="2026-06-11T13:03:55.014279+00:00" hostname="agent-env-258da15e-fdeb-43f2-9dbd-9aee7ef9cdc2"><testcase classname="backend.tests.test_contact" name="test_api_root" time="0.207" /><testcase classname="backend.tests.test_contact" name="test_contact_valid_submission" time="1.671" /><testcase classname="backend.tests.test_contact" name="test_contact_smtp_verify_live_delivery" time="2.378" /><testcase classname="backend.tests.test_contact" name="test_contact_without_company" time="2.389" /><testcase classname="backend.tests.test_contact" name="test_contact_invalid_email" time="0.130" /><testcase classname="backend.tests.test_contact" name="test_contact_missing_required" time="0.175" /><testcase classname="backend.tests.test_contact" name="test_contact_empty_message" time="0.117" /></testsuite></testsuites>